Using pre-set license
Built from '2022.3/staging' branch; Version is '2022.3.19f1 (244b723c30a6) revision 2378610'; Using compiler version '192829333'; Build Type 'Release'
OS: 'Windows 11  (10.0.22631) 64bit Core' Language: 'en' Physical Memory: 32612 MB
BatchMode: 1, IsHumanControllingUs: 0, StartBugReporterOnCrash: 0, Is64bit: 1, IsPro: 1

COMMAND LINE ARGUMENTS:
C:\Program Files\Unity\Hub\Editor\2022.3.19f1\Editor\Unity.exe
-adb2
-batchMode
-noUpm
-name
AssetImportWorker0
-projectPath
C:/Users/Oliver H. A. Harper/OneDrive/0 - Unity Bootcamp Project/TechEd-Oliver-HA-Harper/creativecore-lighting-2022.3LTS
-logFile
Logs/AssetImportWorker0.log
-srvPort
65070
Successfully changed project path to: C:/Users/Oliver H. A. Harper/OneDrive/0 - Unity Bootcamp Project/TechEd-Oliver-HA-Harper/creativecore-lighting-2022.3LTS
C:/Users/Oliver H. A. Harper/OneDrive/0 - Unity Bootcamp Project/TechEd-Oliver-HA-Harper/creativecore-lighting-2022.3LTS
[UnityMemory] Configuration Parameters - Can be set up in boot.config
    "memorysetup-bucket-allocator-granularity=16"
    "memorysetup-bucket-allocator-bucket-count=8"
    "memorysetup-bucket-allocator-block-size=33554432"
    "memorysetup-bucket-allocator-block-count=8"
    "memorysetup-main-allocator-block-size=16777216"
    "memorysetup-thread-allocator-block-size=16777216"
    "memorysetup-gfx-main-allocator-block-size=16777216"
    "memorysetup-gfx-thread-allocator-block-size=16777216"
    "memorysetup-cache-allocator-block-size=4194304"
    "memorysetup-typetree-allocator-block-size=2097152"
    "memorysetup-profiler-bucket-allocator-granularity=16"
    "memorysetup-profiler-bucket-allocator-bucket-count=8"
    "memorysetup-profiler-bucket-allocator-block-size=33554432"
    "memorysetup-profiler-bucket-allocator-block-count=8"
    "memorysetup-profiler-allocator-block-size=16777216"
    "memorysetup-profiler-editor-allocator-block-size=1048576"
    "memorysetup-temp-allocator-size-main=16777216"
    "memorysetup-job-temp-allocator-block-size=2097152"
    "memorysetup-job-temp-allocator-block-size-background=1048576"
    "memorysetup-job-temp-allocator-reduction-small-platforms=262144"
    "memorysetup-allocator-temp-initial-block-size-main=262144"
    "memorysetup-allocator-temp-initial-block-size-worker=262144"
    "memorysetup-temp-allocator-size-background-worker=32768"
    "memorysetup-temp-allocator-size-job-worker=262144"
    "memorysetup-temp-allocator-size-preload-manager=33554432"
    "memorysetup-temp-allocator-size-nav-mesh-worker=65536"
    "memorysetup-temp-allocator-size-audio-worker=65536"
    "memorysetup-temp-allocator-size-cloud-worker=32768"
    "memorysetup-temp-allocator-size-gi-baking-worker=262144"
    "memorysetup-temp-allocator-size-gfx=262144"
Player connection [14856] Host "[IP] 192.168.1.212 [Port] 0 [Flags] 2 [Guid] 103078242 [EditorId] 103078242 [Version] 1048832 [Id] WindowsEditor(7,OLLY01) [Debug] 1 [PackageName] WindowsEditor [ProjectName] Editor" joined multi-casting on [225.0.0.222:54997]...

Player connection [14856] Host "[IP] 192.168.1.212 [Port] 0 [Flags] 2 [Guid] 103078242 [EditorId] 103078242 [Version] 1048832 [Id] WindowsEditor(7,OLLY01) [Debug] 1 [PackageName] WindowsEditor [ProjectName] Editor" joined alternative multi-casting on [225.0.0.222:34997]...

[Physics::Module] Initialized MultithreadedJobDispatcher with 11 workers.
Refreshing native plugins compatible for Editor in 8.90 ms, found 2 plugins.
Preloading 0 native plugins for Editor in 0.00 ms.
Initialize engine version: 2022.3.19f1 (244b723c30a6)
[Subsystems] Discovering subsystems at path C:/Program Files/Unity/Hub/Editor/2022.3.19f1/Editor/Data/Resources/UnitySubsystems
[Subsystems] Discovering subsystems at path C:/Users/Oliver H. A. Harper/OneDrive/0 - Unity Bootcamp Project/TechEd-Oliver-HA-Harper/creativecore-lighting-2022.3LTS/Assets
GfxDevice: creating device client; threaded=0; jobified=0
Direct3D:
    Version:  Direct3D 11.0 [level 11.1]
    Renderer: NVIDIA GeForce GT 1030 (ID=0x1d01)
    Vendor:   NVIDIA
    VRAM:     1982 MB
    Driver:   31.0.15.1694
Initialize mono
Mono path[0] = 'C:/Program Files/Unity/Hub/Editor/2022.3.19f1/Editor/Data/Managed'
Mono path[1] = 'C:/Program Files/Unity/Hub/Editor/2022.3.19f1/Editor/Data/MonoBleedingEdge/lib/mono/unityjit-win32'
Mono config path = 'C:/Program Files/Unity/Hub/Editor/2022.3.19f1/Editor/Data/MonoBleedingEdge/etc'
Using monoOptions --debugger-agent=transport=dt_socket,embedding=1,server=y,suspend=n,address=127.0.0.1:56464
Begin MonoManager ReloadAssembly
Registering precompiled unity dll's ...
Register platform support module: C:/Program Files/Unity/Hub/Editor/2022.3.19f1/Editor/Data/PlaybackEngines/WebGLSupport/UnityEditor.WebGL.Extensions.dll
Register platform support module: C:/Program Files/Unity/Hub/Editor/2022.3.19f1/Editor/Data/PlaybackEngines/WindowsStandaloneSupport/UnityEditor.WindowsStandalone.Extensions.dll
Registered in 0.009321 seconds.
- Loaded All Assemblies, in  0.408 seconds
Native extension for WindowsStandalone target not found
Native extension for WebGL target not found
Mono: successfully reloaded assembly
- Finished resetting the current domain, in  0.310 seconds
Domain Reload Profiling: 717ms
	BeginReloadAssembly (116ms)
		ExecutionOrderSort (0ms)
		DisableScriptedObjects (0ms)
		BackupInstance (0ms)
		ReleaseScriptingObjects (0ms)
		CreateAndSetChildDomain (1ms)
	RebuildCommonClasses (39ms)
	RebuildNativeTypeToScriptingClass (12ms)
	initialDomainReloadingComplete (69ms)
	LoadAllAssembliesAndSetupDomain (170ms)
		LoadAssemblies (113ms)
		RebuildTransferFunctionScriptingTraits (0ms)
		AnalyzeDomain (169ms)
			TypeCache.Refresh (167ms)
				TypeCache.ScanAssembly (153ms)
			ScanForSourceGeneratedMonoScriptInfo (0ms)
			ResolveRequiredComponents (0ms)
	FinalizeReload (311ms)
		ReleaseScriptCaches (0ms)
		RebuildScriptCaches (0ms)
		SetupLoadedEditorAssemblies (245ms)
			LogAssemblyErrors (0ms)
			InitializePlatformSupportModulesInManaged (11ms)
			SetLoadedEditorAssemblies (5ms)
			RefreshPlugins (0ms)
			BeforeProcessingInitializeOnLoad (2ms)
			ProcessInitializeOnLoadAttributes (175ms)
			ProcessInitializeOnLoadMethodAttributes (51ms)
			AfterProcessingInitializeOnLoad (0ms)
			EditorAssembliesLoaded (0ms)
		ExecutionOrderSort2 (0ms)
		AwakeInstancesAfterBackupRestoration (0ms)
========================================================================
Worker process is ready to serve import requests
Begin MonoManager ReloadAssembly
- Loaded All Assemblies, in  0.706 seconds
Refreshing native plugins compatible for Editor in 2.91 ms, found 2 plugins.
Native extension for WindowsStandalone target not found
Native extension for WebGL target not found
Package Manager log level set to [2]
[Package Manager] Server::EnsureServerProcessIsRunning -- launch failed, reason: Unity was launched with the -noUpm command-line argument
[Package Manager] UpmClient::Send -- Unable to send message (not connected to UPM process).
[Package Manager] Cannot connect to Unity Package Manager local server
Mono: successfully reloaded assembly
- Finished resetting the current domain, in  0.722 seconds
Domain Reload Profiling: 1425ms
	BeginReloadAssembly (166ms)
		ExecutionOrderSort (0ms)
		DisableScriptedObjects (7ms)
		BackupInstance (0ms)
		ReleaseScriptingObjects (0ms)
		CreateAndSetChildDomain (23ms)
	RebuildCommonClasses (41ms)
	RebuildNativeTypeToScriptingClass (13ms)
	initialDomainReloadingComplete (33ms)
	LoadAllAssembliesAndSetupDomain (450ms)
		LoadAssemblies (330ms)
		RebuildTransferFunctionScriptingTraits (0ms)
		AnalyzeDomain (214ms)
			TypeCache.Refresh (176ms)
				TypeCache.ScanAssembly (155ms)
			ScanForSourceGeneratedMonoScriptInfo (26ms)
			ResolveRequiredComponents (13ms)
	FinalizeReload (723ms)
		ReleaseScriptCaches (0ms)
		RebuildScriptCaches (0ms)
		SetupLoadedEditorAssemblies (518ms)
			LogAssemblyErrors (0ms)
			InitializePlatformSupportModulesInManaged (8ms)
			SetLoadedEditorAssemblies (3ms)
			RefreshPlugins (0ms)
			BeforeProcessingInitializeOnLoad (76ms)
			ProcessInitializeOnLoadAttributes (351ms)
			ProcessInitializeOnLoadMethodAttributes (73ms)
			AfterProcessingInitializeOnLoad (7ms)
			EditorAssembliesLoaded (0ms)
		ExecutionOrderSort2 (0ms)
		AwakeInstancesAfterBackupRestoration (8ms)
Launched and connected shader compiler UnityShaderCompiler.exe after 0.05 seconds
Refreshing native plugins compatible for Editor in 2.97 ms, found 2 plugins.
Preloading 0 native plugins for Editor in 0.00 ms.
Unloading 3960 Unused Serialized files (Serialized files now loaded: 0)
Unloading 57 unused Assets / (1.1 MB). Loaded Objects now: 4421.
Memory consumption went from 187.2 MB to 186.2 MB.
Total: 4.453900 ms (FindLiveObjects: 0.407100 ms CreateObjectMapping: 0.410100 ms MarkObjects: 3.324000 ms  DeleteObjects: 0.311600 ms)

AssetImportParameters requested are different than current active one (requested -> active):
  custom:container-demuxer-ogg: 62fdf1f143b41e24485cea50d1cbac27 -> 
  custom:video-codec-MediaFoundation-h265: 746d11721c4dcdbdad8f713fa42b33f4 -> 
  custom:video-decoder-ogg-theora: a1e56fd34408186e4bbccfd4996cb3dc -> 
  custom:framework-win-MediaFoundation: 216162199b28c13a410421893ffa2e32 -> 
  custom:CustomObjectIndexerAttribute: 62b5816608c3102f162a1797e29626cf -> 
  custom:container-demuxer-webm: 4f35f7cbe854078d1ac9338744f61a02 -> 
  custom:container-muxer-webm: aa71ff27fc2769a1b78a27578f13a17b -> 
  custom:video-decoder-webm-vp8: 9c59270c3fd7afecdb556c50c9e8de78 -> 
  custom:SearchIndexIgnoredProperties: e643bd26f0fe6173181afceb89e7c659 -> 
  custom:AudioImporter_EditorPlatform: d09bf68614088b80899f8185d706f6e7 -> 
  custom:video-encoder-webm-vp8: eb34c28f22e8b96e1ab97ce403110664 -> 
  custom:audio-decoder-ogg-vorbis: bf7c407c2cedff20999df2af8eb42d56 -> 
  custom:audio-encoder-webm-vorbis: bf7c407c2cedff20999df2af8eb42d56 -> 
========================================================================
Received Import Request.
  Time since last request: 174451.677402 seconds.
  path: Assets/CreativeCore_Lighting/Scenes
  artifactKey: Guid(d75ccce93d8d95b4e92457ceef7d4f59) Importer(815301076,1909f56bfc062723c751e8b465ee728b)
Start importing Assets/CreativeCore_Lighting/Scenes using Guid(d75ccce93d8d95b4e92457ceef7d4f59) Importer(815301076,1909f56bfc062723c751e8b465ee728b)  -> (artifact id: 'ca8ded0055de531941c87418c50673bc') in 0.002405 seconds
Number of updated asset objects reloaded before import = 0
Number of asset objects unloaded after import = 0
========================================================================
Received Import Request.
  Time since last request: 2.151739 seconds.
  path: Assets/CreativeCore_Lighting/Scenes/TutorialScene_Lighting_Indoor.unity
  artifactKey: Guid(9fad7b35d5ecf334aa45713a87c7a8df) Importer(815301076,1909f56bfc062723c751e8b465ee728b)
Start importing Assets/CreativeCore_Lighting/Scenes/TutorialScene_Lighting_Indoor.unity using Guid(9fad7b35d5ecf334aa45713a87c7a8df) Importer(815301076,1909f56bfc062723c751e8b465ee728b)  -> (artifact id: '0f2af9ca1e1517ae5bec5ff51dbd1f5d') in 0.000438 seconds
Number of updated asset objects reloaded before import = 0
Number of asset objects unloaded after import = 0
========================================================================
Received Import Request.
  Time since last request: 8.424553 seconds.
  path: Assets/CreativeCore_Lighting/Scenes/TutorialScene_Lighting_Outdoor.unity
  artifactKey: Guid(f5be082c2893701468a82cc30ed723c0) Importer(815301076,1909f56bfc062723c751e8b465ee728b)
Start importing Assets/CreativeCore_Lighting/Scenes/TutorialScene_Lighting_Outdoor.unity using Guid(f5be082c2893701468a82cc30ed723c0) Importer(815301076,1909f56bfc062723c751e8b465ee728b)  -> (artifact id: 'bce5c5b3b815e768b5eadcb5d5ec28a5') in 0.000571 seconds
Number of updated asset objects reloaded before import = 0
Number of asset objects unloaded after import = 0
========================================================================
Received Import Request.
  Time since last request: 3.143564 seconds.
  path: Assets/CreativeCore_Lighting/Scenes/FinalScene_Lighting_Studio.unity
  artifactKey: Guid(ebcff731556564b4891b9bdb0238f9e6) Importer(815301076,1909f56bfc062723c751e8b465ee728b)
Start importing Assets/CreativeCore_Lighting/Scenes/FinalScene_Lighting_Studio.unity using Guid(ebcff731556564b4891b9bdb0238f9e6) Importer(815301076,1909f56bfc062723c751e8b465ee728b)  -> (artifact id: '8e9634e7cf20d7c77b5d69cc3b147610') in 0.000681 seconds
Number of updated asset objects reloaded before import = 0
Number of asset objects unloaded after import = 0
========================================================================
Received Import Request.
  Time since last request: 1.456679 seconds.
  path: Assets/CreativeCore_Lighting/Scenes/FinalScene_Lighting_Outdoor.unity
  artifactKey: Guid(5bb6505ee229cc14dbcc50292ec73ee5) Importer(815301076,1909f56bfc062723c751e8b465ee728b)
Start importing Assets/CreativeCore_Lighting/Scenes/FinalScene_Lighting_Outdoor.unity using Guid(5bb6505ee229cc14dbcc50292ec73ee5) Importer(815301076,1909f56bfc062723c751e8b465ee728b)  -> (artifact id: 'd898f01d8a183ee69a6190c8a9cb2e0b') in 0.000551 seconds
Number of updated asset objects reloaded before import = 0
Number of asset objects unloaded after import = 0
========================================================================
Received Import Request.
  Time since last request: 1.415345 seconds.
  path: Assets/CreativeCore_Lighting/Scenes/FinalScene_Lighting_Indoor.unity
  artifactKey: Guid(e1078e3964fac294d994d872d5cee48f) Importer(815301076,1909f56bfc062723c751e8b465ee728b)
Start importing Assets/CreativeCore_Lighting/Scenes/FinalScene_Lighting_Indoor.unity using Guid(e1078e3964fac294d994d872d5cee48f) Importer(815301076,1909f56bfc062723c751e8b465ee728b)  -> (artifact id: '4b40962236f9c3409881096b83bba24d') in 0.000654 seconds
Number of updated asset objects reloaded before import = 0
Number of asset objects unloaded after import = 0
========================================================================
Received Import Request.
  Time since last request: 3538.768606 seconds.
  path: Assets/CreativeCore_Lighting/Settings/Lighting/Baked Lighting.lighting
  artifactKey: Guid(3167c089a3ea02546be1a69cc57873ad) Importer(815301076,1909f56bfc062723c751e8b465ee728b)
Start importing Assets/CreativeCore_Lighting/Settings/Lighting/Baked Lighting.lighting using Guid(3167c089a3ea02546be1a69cc57873ad) Importer(815301076,1909f56bfc062723c751e8b465ee728b)  -> (artifact id: 'e05bd2ef250d711829ec7bc1bd9d327b') in 0.041859 seconds
Number of updated asset objects reloaded before import = 1
Number of asset objects unloaded after import = 1
========================================================================
Received Import Request.
  Time since last request: 1736.236428 seconds.
  path: Assets/CreativeCore_Lighting/Materials
  artifactKey: Guid(71fc058407333924d956338632519848) Importer(815301076,1909f56bfc062723c751e8b465ee728b)
Start importing Assets/CreativeCore_Lighting/Materials using Guid(71fc058407333924d956338632519848) Importer(815301076,1909f56bfc062723c751e8b465ee728b)  -> (artifact id: 'fe969fd54f72b78706119011b24049c4') in 0.000813 seconds
Number of updated asset objects reloaded before import = 0
Number of asset objects unloaded after import = 0
========================================================================
Received Import Request.
  Time since last request: 3253.841800 seconds.
  path: Assets/CreativeCore_Lighting/Prefabs/Apple_BrokenLightmapUVs.fbx
  artifactKey: Guid(c3cbcabd2e184064aaca7cb692e098f6) Importer(815301076,1909f56bfc062723c751e8b465ee728b)
Start importing Assets/CreativeCore_Lighting/Prefabs/Apple_BrokenLightmapUVs.fbx using Guid(c3cbcabd2e184064aaca7cb692e098f6) Importer(815301076,1909f56bfc062723c751e8b465ee728b)  -> (artifact id: '9607394af93160733bd000783fceb870') in 2.139067 seconds
Number of updated asset objects reloaded before import = 0
Number of asset objects unloaded after import = 17
========================================================================
Received Import Request.
  Time since last request: 34.080712 seconds.
  path: Assets/CreativeCore_Lighting/Prefabs/Apple_BrokenLightmapUVs.fbx
  artifactKey: Guid(c3cbcabd2e184064aaca7cb692e098f6) Importer(815301076,1909f56bfc062723c751e8b465ee728b)
Start importing Assets/CreativeCore_Lighting/Prefabs/Apple_BrokenLightmapUVs.fbx using Guid(c3cbcabd2e184064aaca7cb692e098f6) Importer(815301076,1909f56bfc062723c751e8b465ee728b)  -> (artifact id: '55834f2596ab98418cca047505ccdb86') in 0.248138 seconds
Number of updated asset objects reloaded before import = 0
Number of asset objects unloaded after import = 16
